{"/home/gaspar/git/lab03_docker/src/helo_world.ts": {"path":"/home/gaspar/git/lab03_docker/src/helo_world.ts","statementMap":{"0":{"start":{"line":1,"column":17},"end":{"line":1,"column":24}},"1":{"start":{"line":3,"column":3},"end":{"line":5,"column":4}},"2":{"start":{"line":4,"column":7},"end":{"line":4,"column":31}},"3":{"start":{"line":6,"column":3},"end":{"line":6,"column":28}},"4":{"start":{"line":2,"column":0},"end":{"line":2,"column":16}}},"fnMap":{"0":{"name":"hello","decl":{"start":{"line":2,"column":16},"end":{"line":2,"column":21}},"loc":{"start":{"line":2,"column":46},"end":{"line":7,"column":1}}}},"branchMap":{"0":{"loc":{"start":{"line":2,"column":22},"end":{"line":2,"column":46}},"type":"default-arg","locations":[{"start":{"line":2,"column":38},"end":{"line":2,"column":46}}]},"1":{"loc":{"start":{"line":3,"column":3},"end":{"line":5,"column":4}},"type":"if","locations":[{"start":{"line":3,"column":3},"end":{"line":5,"column":4}}]}},"s":{"0":1,"1":1,"2":0,"3":1,"4":1},"f":{"0":1},"b":{"0":[1],"1":[0]}}
}
